ARM GAS  C:\Users\begre\AppData\Local\Temp\cce4l38X.s 			page 1


   1              		.cpu cortex-m3
   2              		.arch armv7-m
   3              		.fpu softvfp
   4              		.eabi_attribute 20, 1
   5              		.eabi_attribute 21, 1
   6              		.eabi_attribute 23, 3
   7              		.eabi_attribute 24, 1
   8              		.eabi_attribute 25, 1
   9              		.eabi_attribute 26, 1
  10              		.eabi_attribute 30, 1
  11              		.eabi_attribute 34, 1
  12              		.eabi_attribute 18, 4
  13              		.file	"usart.c"
  14              		.text
  15              	.Ltext0:
  16              		.cfi_sections	.debug_frame
  17              		.section	.text.MX_USART1_Init,"ax",%progbits
  18              		.align	1
  19              		.global	MX_USART1_Init
  20              		.syntax unified
  21              		.thumb
  22              		.thumb_func
  24              	MX_USART1_Init:
  25              	.LFB65:
  26              		.file 1 "Core/Src/usart.c"
   1:Core/Src/usart.c **** /* USER CODE BEGIN Header */
   2:Core/Src/usart.c **** /**
   3:Core/Src/usart.c ****   ******************************************************************************
   4:Core/Src/usart.c ****   * @file    usart.c
   5:Core/Src/usart.c ****   * @brief   This file provides code for the configuration
   6:Core/Src/usart.c ****   *          of the USART instances.
   7:Core/Src/usart.c ****   ******************************************************************************
   8:Core/Src/usart.c ****   * @attention
   9:Core/Src/usart.c ****   *
  10:Core/Src/usart.c ****   * Copyright (c) 2023 STMicroelectronics.
  11:Core/Src/usart.c ****   * All rights reserved.
  12:Core/Src/usart.c ****   *
  13:Core/Src/usart.c ****   * This software is licensed under terms that can be found in the LICENSE file
  14:Core/Src/usart.c ****   * in the root directory of this software component.
  15:Core/Src/usart.c ****   * If no LICENSE file comes with this software, it is provided AS-IS.
  16:Core/Src/usart.c ****   *
  17:Core/Src/usart.c ****   ******************************************************************************
  18:Core/Src/usart.c ****   */
  19:Core/Src/usart.c **** /* USER CODE END Header */
  20:Core/Src/usart.c **** /* Includes ------------------------------------------------------------------*/
  21:Core/Src/usart.c **** #include "usart.h"
  22:Core/Src/usart.c **** 
  23:Core/Src/usart.c **** /* USER CODE BEGIN 0 */
  24:Core/Src/usart.c **** 
  25:Core/Src/usart.c **** /* USER CODE END 0 */
  26:Core/Src/usart.c **** 
  27:Core/Src/usart.c **** USART_HandleTypeDef husart1;
  28:Core/Src/usart.c **** 
  29:Core/Src/usart.c **** /* USART1 init function */
  30:Core/Src/usart.c **** void MX_USART1_Init(void)
  31:Core/Src/usart.c **** {
  27              		.loc 1 31 1 view -0
ARM GAS  C:\Users\begre\AppData\Local\Temp\cce4l38X.s 			page 2


  28              		.cfi_startproc
  29              		@ args = 0, pretend = 0, frame = 0
  30              		@ frame_needed = 0, uses_anonymous_args = 0
  31 0000 08B5     		push	{r3, lr}
  32              	.LCFI0:
  33              		.cfi_def_cfa_offset 8
  34              		.cfi_offset 3, -8
  35              		.cfi_offset 14, -4
  32:Core/Src/usart.c **** 
  33:Core/Src/usart.c ****   /* USER CODE BEGIN USART1_Init 0 */
  34:Core/Src/usart.c **** 
  35:Core/Src/usart.c ****   /* USER CODE END USART1_Init 0 */
  36:Core/Src/usart.c **** 
  37:Core/Src/usart.c ****   /* USER CODE BEGIN USART1_Init 1 */
  38:Core/Src/usart.c **** 
  39:Core/Src/usart.c ****   /* USER CODE END USART1_Init 1 */
  40:Core/Src/usart.c ****   husart1.Instance = USART1;
  36              		.loc 1 40 3 view .LVU1
  37              		.loc 1 40 20 is_stmt 0 view .LVU2
  38 0002 0C48     		ldr	r0, .L5
  39 0004 0C4B     		ldr	r3, .L5+4
  40 0006 0360     		str	r3, [r0]
  41:Core/Src/usart.c ****   husart1.Init.BaudRate = 115200;
  41              		.loc 1 41 3 is_stmt 1 view .LVU3
  42              		.loc 1 41 25 is_stmt 0 view .LVU4
  43 0008 4FF4E133 		mov	r3, #115200
  44 000c 4360     		str	r3, [r0, #4]
  42:Core/Src/usart.c ****   husart1.Init.WordLength = USART_WORDLENGTH_8B;
  45              		.loc 1 42 3 is_stmt 1 view .LVU5
  46              		.loc 1 42 27 is_stmt 0 view .LVU6
  47 000e 0023     		movs	r3, #0
  48 0010 8360     		str	r3, [r0, #8]
  43:Core/Src/usart.c ****   husart1.Init.StopBits = USART_STOPBITS_1;
  49              		.loc 1 43 3 is_stmt 1 view .LVU7
  50              		.loc 1 43 25 is_stmt 0 view .LVU8
  51 0012 C360     		str	r3, [r0, #12]
  44:Core/Src/usart.c ****   husart1.Init.Parity = USART_PARITY_NONE;
  52              		.loc 1 44 3 is_stmt 1 view .LVU9
  53              		.loc 1 44 23 is_stmt 0 view .LVU10
  54 0014 0361     		str	r3, [r0, #16]
  45:Core/Src/usart.c ****   husart1.Init.Mode = USART_MODE_TX_RX;
  55              		.loc 1 45 3 is_stmt 1 view .LVU11
  56              		.loc 1 45 21 is_stmt 0 view .LVU12
  57 0016 0C22     		movs	r2, #12
  58 0018 4261     		str	r2, [r0, #20]
  46:Core/Src/usart.c ****   husart1.Init.CLKPolarity = USART_POLARITY_HIGH;
  59              		.loc 1 46 3 is_stmt 1 view .LVU13
  60              		.loc 1 46 28 is_stmt 0 view .LVU14
  61 001a 4FF48062 		mov	r2, #1024
  62 001e 8261     		str	r2, [r0, #24]
  47:Core/Src/usart.c ****   husart1.Init.CLKPhase = USART_PHASE_1EDGE;
  63              		.loc 1 47 3 is_stmt 1 view .LVU15
  64              		.loc 1 47 25 is_stmt 0 view .LVU16
  65 0020 C361     		str	r3, [r0, #28]
  48:Core/Src/usart.c ****   husart1.Init.CLKLastBit = USART_LASTBIT_DISABLE;
  66              		.loc 1 48 3 is_stmt 1 view .LVU17
  67              		.loc 1 48 27 is_stmt 0 view .LVU18
ARM GAS  C:\Users\begre\AppData\Local\Temp\cce4l38X.s 			page 3


  68 0022 0362     		str	r3, [r0, #32]
  49:Core/Src/usart.c ****   if (HAL_USART_Init(&husart1) != HAL_OK)
  69              		.loc 1 49 3 is_stmt 1 view .LVU19
  70              		.loc 1 49 7 is_stmt 0 view .LVU20
  71 0024 FFF7FEFF 		bl	HAL_USART_Init
  72              	.LVL0:
  73              		.loc 1 49 6 view .LVU21
  74 0028 00B9     		cbnz	r0, .L4
  75              	.L1:
  50:Core/Src/usart.c ****   {
  51:Core/Src/usart.c ****     Error_Handler();
  52:Core/Src/usart.c ****   }
  53:Core/Src/usart.c ****   /* USER CODE BEGIN USART1_Init 2 */
  54:Core/Src/usart.c **** 
  55:Core/Src/usart.c ****   /* USER CODE END USART1_Init 2 */
  56:Core/Src/usart.c **** 
  57:Core/Src/usart.c **** }
  76              		.loc 1 57 1 view .LVU22
  77 002a 08BD     		pop	{r3, pc}
  78              	.L4:
  51:Core/Src/usart.c ****   }
  79              		.loc 1 51 5 is_stmt 1 view .LVU23
  80 002c FFF7FEFF 		bl	Error_Handler
  81              	.LVL1:
  82              		.loc 1 57 1 is_stmt 0 view .LVU24
  83 0030 FBE7     		b	.L1
  84              	.L6:
  85 0032 00BF     		.align	2
  86              	.L5:
  87 0034 00000000 		.word	.LANCHOR0
  88 0038 00380140 		.word	1073821696
  89              		.cfi_endproc
  90              	.LFE65:
  92              		.section	.text.HAL_USART_MspInit,"ax",%progbits
  93              		.align	1
  94              		.global	HAL_USART_MspInit
  95              		.syntax unified
  96              		.thumb
  97              		.thumb_func
  99              	HAL_USART_MspInit:
 100              	.LVL2:
 101              	.LFB66:
  58:Core/Src/usart.c **** 
  59:Core/Src/usart.c **** void HAL_USART_MspInit(USART_HandleTypeDef* usartHandle)
  60:Core/Src/usart.c **** {
 102              		.loc 1 60 1 is_stmt 1 view -0
 103              		.cfi_startproc
 104              		@ args = 0, pretend = 0, frame = 24
 105              		@ frame_needed = 0, uses_anonymous_args = 0
 106              		.loc 1 60 1 is_stmt 0 view .LVU26
 107 0000 30B5     		push	{r4, r5, lr}
 108              	.LCFI1:
 109              		.cfi_def_cfa_offset 12
 110              		.cfi_offset 4, -12
 111              		.cfi_offset 5, -8
 112              		.cfi_offset 14, -4
 113 0002 87B0     		sub	sp, sp, #28
ARM GAS  C:\Users\begre\AppData\Local\Temp\cce4l38X.s 			page 4


 114              	.LCFI2:
 115              		.cfi_def_cfa_offset 40
  61:Core/Src/usart.c **** 
  62:Core/Src/usart.c ****   GPIO_InitTypeDef GPIO_InitStruct = {0};
 116              		.loc 1 62 3 is_stmt 1 view .LVU27
 117              		.loc 1 62 20 is_stmt 0 view .LVU28
 118 0004 0023     		movs	r3, #0
 119 0006 0293     		str	r3, [sp, #8]
 120 0008 0393     		str	r3, [sp, #12]
 121 000a 0493     		str	r3, [sp, #16]
 122 000c 0593     		str	r3, [sp, #20]
  63:Core/Src/usart.c ****   if(usartHandle->Instance==USART1)
 123              		.loc 1 63 3 is_stmt 1 view .LVU29
 124              		.loc 1 63 17 is_stmt 0 view .LVU30
 125 000e 0268     		ldr	r2, [r0]
 126              		.loc 1 63 5 view .LVU31
 127 0010 1B4B     		ldr	r3, .L11
 128 0012 9A42     		cmp	r2, r3
 129 0014 01D0     		beq	.L10
 130              	.LVL3:
 131              	.L7:
  64:Core/Src/usart.c ****   {
  65:Core/Src/usart.c ****   /* USER CODE BEGIN USART1_MspInit 0 */
  66:Core/Src/usart.c **** 
  67:Core/Src/usart.c ****   /* USER CODE END USART1_MspInit 0 */
  68:Core/Src/usart.c ****     /* USART1 clock enable */
  69:Core/Src/usart.c ****     __HAL_RCC_USART1_CLK_ENABLE();
  70:Core/Src/usart.c **** 
  71:Core/Src/usart.c ****     __HAL_RCC_GPIOA_CLK_ENABLE();
  72:Core/Src/usart.c ****     /**USART1 GPIO Configuration
  73:Core/Src/usart.c ****     PA8     ------> USART1_CK
  74:Core/Src/usart.c ****     PA9     ------> USART1_TX
  75:Core/Src/usart.c ****     PA10     ------> USART1_RX
  76:Core/Src/usart.c ****     */
  77:Core/Src/usart.c ****     GPIO_InitStruct.Pin = GPIO_PIN_8|GPIO_PIN_9;
  78:Core/Src/usart.c ****     GPIO_InitStruct.Mode = GPIO_MODE_AF_PP;
  79:Core/Src/usart.c ****     GPIO_InitStruct.Speed = GPIO_SPEED_FREQ_HIGH;
  80:Core/Src/usart.c ****     HAL_GPIO_Init(GPIOA, &GPIO_InitStruct);
  81:Core/Src/usart.c **** 
  82:Core/Src/usart.c ****     GPIO_InitStruct.Pin = GPIO_PIN_10;
  83:Core/Src/usart.c ****     GPIO_InitStruct.Mode = GPIO_MODE_INPUT;
  84:Core/Src/usart.c ****     GPIO_InitStruct.Pull = GPIO_NOPULL;
  85:Core/Src/usart.c ****     HAL_GPIO_Init(GPIOA, &GPIO_InitStruct);
  86:Core/Src/usart.c **** 
  87:Core/Src/usart.c ****     /* USART1 interrupt Init */
  88:Core/Src/usart.c ****     HAL_NVIC_SetPriority(USART1_IRQn, 0, 0);
  89:Core/Src/usart.c ****     HAL_NVIC_EnableIRQ(USART1_IRQn);
  90:Core/Src/usart.c ****   /* USER CODE BEGIN USART1_MspInit 1 */
  91:Core/Src/usart.c **** 
  92:Core/Src/usart.c ****   /* USER CODE END USART1_MspInit 1 */
  93:Core/Src/usart.c ****   }
  94:Core/Src/usart.c **** }
 132              		.loc 1 94 1 view .LVU32
 133 0016 07B0     		add	sp, sp, #28
 134              	.LCFI3:
 135              		.cfi_remember_state
 136              		.cfi_def_cfa_offset 12
ARM GAS  C:\Users\begre\AppData\Local\Temp\cce4l38X.s 			page 5


 137              		@ sp needed
 138 0018 30BD     		pop	{r4, r5, pc}
 139              	.LVL4:
 140              	.L10:
 141              	.LCFI4:
 142              		.cfi_restore_state
  69:Core/Src/usart.c **** 
 143              		.loc 1 69 5 is_stmt 1 view .LVU33
 144              	.LBB2:
  69:Core/Src/usart.c **** 
 145              		.loc 1 69 5 view .LVU34
  69:Core/Src/usart.c **** 
 146              		.loc 1 69 5 view .LVU35
 147 001a 03F55843 		add	r3, r3, #55296
 148 001e 9A69     		ldr	r2, [r3, #24]
 149 0020 42F48042 		orr	r2, r2, #16384
 150 0024 9A61     		str	r2, [r3, #24]
  69:Core/Src/usart.c **** 
 151              		.loc 1 69 5 view .LVU36
 152 0026 9A69     		ldr	r2, [r3, #24]
 153 0028 02F48042 		and	r2, r2, #16384
 154 002c 0092     		str	r2, [sp]
  69:Core/Src/usart.c **** 
 155              		.loc 1 69 5 view .LVU37
 156 002e 009A     		ldr	r2, [sp]
 157              	.LBE2:
  69:Core/Src/usart.c **** 
 158              		.loc 1 69 5 view .LVU38
  71:Core/Src/usart.c ****     /**USART1 GPIO Configuration
 159              		.loc 1 71 5 view .LVU39
 160              	.LBB3:
  71:Core/Src/usart.c ****     /**USART1 GPIO Configuration
 161              		.loc 1 71 5 view .LVU40
  71:Core/Src/usart.c ****     /**USART1 GPIO Configuration
 162              		.loc 1 71 5 view .LVU41
 163 0030 9A69     		ldr	r2, [r3, #24]
 164 0032 42F00402 		orr	r2, r2, #4
 165 0036 9A61     		str	r2, [r3, #24]
  71:Core/Src/usart.c ****     /**USART1 GPIO Configuration
 166              		.loc 1 71 5 view .LVU42
 167 0038 9B69     		ldr	r3, [r3, #24]
 168 003a 03F00403 		and	r3, r3, #4
 169 003e 0193     		str	r3, [sp, #4]
  71:Core/Src/usart.c ****     /**USART1 GPIO Configuration
 170              		.loc 1 71 5 view .LVU43
 171 0040 019B     		ldr	r3, [sp, #4]
 172              	.LBE3:
  71:Core/Src/usart.c ****     /**USART1 GPIO Configuration
 173              		.loc 1 71 5 view .LVU44
  77:Core/Src/usart.c ****     GPIO_InitStruct.Mode = GPIO_MODE_AF_PP;
 174              		.loc 1 77 5 view .LVU45
  77:Core/Src/usart.c ****     GPIO_InitStruct.Mode = GPIO_MODE_AF_PP;
 175              		.loc 1 77 25 is_stmt 0 view .LVU46
 176 0042 4FF44073 		mov	r3, #768
 177 0046 0293     		str	r3, [sp, #8]
  78:Core/Src/usart.c ****     GPIO_InitStruct.Speed = GPIO_SPEED_FREQ_HIGH;
 178              		.loc 1 78 5 is_stmt 1 view .LVU47
ARM GAS  C:\Users\begre\AppData\Local\Temp\cce4l38X.s 			page 6


  78:Core/Src/usart.c ****     GPIO_InitStruct.Speed = GPIO_SPEED_FREQ_HIGH;
 179              		.loc 1 78 26 is_stmt 0 view .LVU48
 180 0048 0223     		movs	r3, #2
 181 004a 0393     		str	r3, [sp, #12]
  79:Core/Src/usart.c ****     HAL_GPIO_Init(GPIOA, &GPIO_InitStruct);
 182              		.loc 1 79 5 is_stmt 1 view .LVU49
  79:Core/Src/usart.c ****     HAL_GPIO_Init(GPIOA, &GPIO_InitStruct);
 183              		.loc 1 79 27 is_stmt 0 view .LVU50
 184 004c 0323     		movs	r3, #3
 185 004e 0593     		str	r3, [sp, #20]
  80:Core/Src/usart.c **** 
 186              		.loc 1 80 5 is_stmt 1 view .LVU51
 187 0050 0C4D     		ldr	r5, .L11+4
 188 0052 02A9     		add	r1, sp, #8
 189 0054 2846     		mov	r0, r5
 190              	.LVL5:
  80:Core/Src/usart.c **** 
 191              		.loc 1 80 5 is_stmt 0 view .LVU52
 192 0056 FFF7FEFF 		bl	HAL_GPIO_Init
 193              	.LVL6:
  82:Core/Src/usart.c ****     GPIO_InitStruct.Mode = GPIO_MODE_INPUT;
 194              		.loc 1 82 5 is_stmt 1 view .LVU53
  82:Core/Src/usart.c ****     GPIO_InitStruct.Mode = GPIO_MODE_INPUT;
 195              		.loc 1 82 25 is_stmt 0 view .LVU54
 196 005a 4FF48063 		mov	r3, #1024
 197 005e 0293     		str	r3, [sp, #8]
  83:Core/Src/usart.c ****     GPIO_InitStruct.Pull = GPIO_NOPULL;
 198              		.loc 1 83 5 is_stmt 1 view .LVU55
  83:Core/Src/usart.c ****     GPIO_InitStruct.Pull = GPIO_NOPULL;
 199              		.loc 1 83 26 is_stmt 0 view .LVU56
 200 0060 0024     		movs	r4, #0
 201 0062 0394     		str	r4, [sp, #12]
  84:Core/Src/usart.c ****     HAL_GPIO_Init(GPIOA, &GPIO_InitStruct);
 202              		.loc 1 84 5 is_stmt 1 view .LVU57
  84:Core/Src/usart.c ****     HAL_GPIO_Init(GPIOA, &GPIO_InitStruct);
 203              		.loc 1 84 26 is_stmt 0 view .LVU58
 204 0064 0494     		str	r4, [sp, #16]
  85:Core/Src/usart.c **** 
 205              		.loc 1 85 5 is_stmt 1 view .LVU59
 206 0066 02A9     		add	r1, sp, #8
 207 0068 2846     		mov	r0, r5
 208 006a FFF7FEFF 		bl	HAL_GPIO_Init
 209              	.LVL7:
  88:Core/Src/usart.c ****     HAL_NVIC_EnableIRQ(USART1_IRQn);
 210              		.loc 1 88 5 view .LVU60
 211 006e 2246     		mov	r2, r4
 212 0070 2146     		mov	r1, r4
 213 0072 2520     		movs	r0, #37
 214 0074 FFF7FEFF 		bl	HAL_NVIC_SetPriority
 215              	.LVL8:
  89:Core/Src/usart.c ****   /* USER CODE BEGIN USART1_MspInit 1 */
 216              		.loc 1 89 5 view .LVU61
 217 0078 2520     		movs	r0, #37
 218 007a FFF7FEFF 		bl	HAL_NVIC_EnableIRQ
 219              	.LVL9:
 220              		.loc 1 94 1 is_stmt 0 view .LVU62
 221 007e CAE7     		b	.L7
ARM GAS  C:\Users\begre\AppData\Local\Temp\cce4l38X.s 			page 7


 222              	.L12:
 223              		.align	2
 224              	.L11:
 225 0080 00380140 		.word	1073821696
 226 0084 00080140 		.word	1073809408
 227              		.cfi_endproc
 228              	.LFE66:
 230              		.section	.text.HAL_USART_MspDeInit,"ax",%progbits
 231              		.align	1
 232              		.global	HAL_USART_MspDeInit
 233              		.syntax unified
 234              		.thumb
 235              		.thumb_func
 237              	HAL_USART_MspDeInit:
 238              	.LVL10:
 239              	.LFB67:
  95:Core/Src/usart.c **** 
  96:Core/Src/usart.c **** void HAL_USART_MspDeInit(USART_HandleTypeDef* usartHandle)
  97:Core/Src/usart.c **** {
 240              		.loc 1 97 1 is_stmt 1 view -0
 241              		.cfi_startproc
 242              		@ args = 0, pretend = 0, frame = 0
 243              		@ frame_needed = 0, uses_anonymous_args = 0
 244              		.loc 1 97 1 is_stmt 0 view .LVU64
 245 0000 08B5     		push	{r3, lr}
 246              	.LCFI5:
 247              		.cfi_def_cfa_offset 8
 248              		.cfi_offset 3, -8
 249              		.cfi_offset 14, -4
  98:Core/Src/usart.c **** 
  99:Core/Src/usart.c ****   if(usartHandle->Instance==USART1)
 250              		.loc 1 99 3 is_stmt 1 view .LVU65
 251              		.loc 1 99 17 is_stmt 0 view .LVU66
 252 0002 0268     		ldr	r2, [r0]
 253              		.loc 1 99 5 view .LVU67
 254 0004 084B     		ldr	r3, .L17
 255 0006 9A42     		cmp	r2, r3
 256 0008 00D0     		beq	.L16
 257              	.LVL11:
 258              	.L13:
 100:Core/Src/usart.c ****   {
 101:Core/Src/usart.c ****   /* USER CODE BEGIN USART1_MspDeInit 0 */
 102:Core/Src/usart.c **** 
 103:Core/Src/usart.c ****   /* USER CODE END USART1_MspDeInit 0 */
 104:Core/Src/usart.c ****     /* Peripheral clock disable */
 105:Core/Src/usart.c ****     __HAL_RCC_USART1_CLK_DISABLE();
 106:Core/Src/usart.c **** 
 107:Core/Src/usart.c ****     /**USART1 GPIO Configuration
 108:Core/Src/usart.c ****     PA8     ------> USART1_CK
 109:Core/Src/usart.c ****     PA9     ------> USART1_TX
 110:Core/Src/usart.c ****     PA10     ------> USART1_RX
 111:Core/Src/usart.c ****     */
 112:Core/Src/usart.c ****     HAL_GPIO_DeInit(GPIOA, GPIO_PIN_8|GPIO_PIN_9|GPIO_PIN_10);
 113:Core/Src/usart.c **** 
 114:Core/Src/usart.c ****     /* USART1 interrupt Deinit */
 115:Core/Src/usart.c ****     HAL_NVIC_DisableIRQ(USART1_IRQn);
 116:Core/Src/usart.c ****   /* USER CODE BEGIN USART1_MspDeInit 1 */
ARM GAS  C:\Users\begre\AppData\Local\Temp\cce4l38X.s 			page 8


 117:Core/Src/usart.c **** 
 118:Core/Src/usart.c ****   /* USER CODE END USART1_MspDeInit 1 */
 119:Core/Src/usart.c ****   }
 120:Core/Src/usart.c **** }
 259              		.loc 1 120 1 view .LVU68
 260 000a 08BD     		pop	{r3, pc}
 261              	.LVL12:
 262              	.L16:
 105:Core/Src/usart.c **** 
 263              		.loc 1 105 5 is_stmt 1 view .LVU69
 264 000c 074A     		ldr	r2, .L17+4
 265 000e 9369     		ldr	r3, [r2, #24]
 266 0010 23F48043 		bic	r3, r3, #16384
 267 0014 9361     		str	r3, [r2, #24]
 112:Core/Src/usart.c **** 
 268              		.loc 1 112 5 view .LVU70
 269 0016 4FF4E061 		mov	r1, #1792
 270 001a 0548     		ldr	r0, .L17+8
 271              	.LVL13:
 112:Core/Src/usart.c **** 
 272              		.loc 1 112 5 is_stmt 0 view .LVU71
 273 001c FFF7FEFF 		bl	HAL_GPIO_DeInit
 274              	.LVL14:
 115:Core/Src/usart.c ****   /* USER CODE BEGIN USART1_MspDeInit 1 */
 275              		.loc 1 115 5 is_stmt 1 view .LVU72
 276 0020 2520     		movs	r0, #37
 277 0022 FFF7FEFF 		bl	HAL_NVIC_DisableIRQ
 278              	.LVL15:
 279              		.loc 1 120 1 is_stmt 0 view .LVU73
 280 0026 F0E7     		b	.L13
 281              	.L18:
 282              		.align	2
 283              	.L17:
 284 0028 00380140 		.word	1073821696
 285 002c 00100240 		.word	1073876992
 286 0030 00080140 		.word	1073809408
 287              		.cfi_endproc
 288              	.LFE67:
 290              		.section	.text.Usart_SendByte,"ax",%progbits
 291              		.align	1
 292              		.global	Usart_SendByte
 293              		.syntax unified
 294              		.thumb
 295              		.thumb_func
 297              	Usart_SendByte:
 298              	.LVL16:
 299              	.LFB68:
 121:Core/Src/usart.c **** 
 122:Core/Src/usart.c **** /* USER CODE BEGIN 1 */
 123:Core/Src/usart.c **** void Usart_SendByte(uint8_t data)
 124:Core/Src/usart.c **** {
 300              		.loc 1 124 1 is_stmt 1 view -0
 301              		.cfi_startproc
 302              		@ args = 0, pretend = 0, frame = 8
 303              		@ frame_needed = 0, uses_anonymous_args = 0
 304              		.loc 1 124 1 is_stmt 0 view .LVU75
 305 0000 00B5     		push	{lr}
ARM GAS  C:\Users\begre\AppData\Local\Temp\cce4l38X.s 			page 9


 306              	.LCFI6:
 307              		.cfi_def_cfa_offset 4
 308              		.cfi_offset 14, -4
 309 0002 83B0     		sub	sp, sp, #12
 310              	.LCFI7:
 311              		.cfi_def_cfa_offset 16
 312 0004 8DF80700 		strb	r0, [sp, #7]
 125:Core/Src/usart.c ****     HAL_USART_Transmit(&husart1, &data, 1L, 2000L);
 313              		.loc 1 125 5 is_stmt 1 view .LVU76
 314 0008 4FF4FA63 		mov	r3, #2000
 315 000c 0122     		movs	r2, #1
 316 000e 0DF10701 		add	r1, sp, #7
 317 0012 0348     		ldr	r0, .L21
 318              	.LVL17:
 319              		.loc 1 125 5 is_stmt 0 view .LVU77
 320 0014 FFF7FEFF 		bl	HAL_USART_Transmit
 321              	.LVL18:
 126:Core/Src/usart.c **** }
 322              		.loc 1 126 1 view .LVU78
 323 0018 03B0     		add	sp, sp, #12
 324              	.LCFI8:
 325              		.cfi_def_cfa_offset 4
 326              		@ sp needed
 327 001a 5DF804FB 		ldr	pc, [sp], #4
 328              	.L22:
 329 001e 00BF     		.align	2
 330              	.L21:
 331 0020 00000000 		.word	.LANCHOR0
 332              		.cfi_endproc
 333              	.LFE68:
 335              		.global	husart1
 336              		.section	.bss.husart1,"aw",%nobits
 337              		.align	2
 338              		.set	.LANCHOR0,. + 0
 341              	husart1:
 342 0000 00000000 		.space	68
 342      00000000 
 342      00000000 
 342      00000000 
 342      00000000 
 343              		.text
 344              	.Letext0:
 345              		.file 2 "f:\\software\\gcc-arm-none-eabi-10.3-2021.10\\arm-none-eabi\\include\\machine\\_default_t
 346              		.file 3 "f:\\software\\gcc-arm-none-eabi-10.3-2021.10\\arm-none-eabi\\include\\sys\\_stdint.h"
 347              		.file 4 "Drivers/CMSIS/Device/ST/STM32F1xx/Include/stm32f103xe.h"
 348              		.file 5 "Drivers/STM32F1xx_HAL_Driver/Inc/stm32f1xx_hal_def.h"
 349              		.file 6 "Drivers/STM32F1xx_HAL_Driver/Inc/stm32f1xx_hal_gpio.h"
 350              		.file 7 "Drivers/STM32F1xx_HAL_Driver/Inc/stm32f1xx_hal_dma.h"
 351              		.file 8 "Drivers/STM32F1xx_HAL_Driver/Inc/stm32f1xx_hal_usart.h"
 352              		.file 9 "Drivers/STM32F1xx_HAL_Driver/Inc/stm32f1xx_hal_cortex.h"
 353              		.file 10 "Core/Inc/main.h"
 354              		.file 11 "Core/Inc/usart.h"
ARM GAS  C:\Users\begre\AppData\Local\Temp\cce4l38X.s 			page 10


DEFINED SYMBOLS
                            *ABS*:00000000 usart.c
C:\Users\begre\AppData\Local\Temp\cce4l38X.s:18     .text.MX_USART1_Init:00000000 $t
C:\Users\begre\AppData\Local\Temp\cce4l38X.s:24     .text.MX_USART1_Init:00000000 MX_USART1_Init
C:\Users\begre\AppData\Local\Temp\cce4l38X.s:87     .text.MX_USART1_Init:00000034 $d
C:\Users\begre\AppData\Local\Temp\cce4l38X.s:93     .text.HAL_USART_MspInit:00000000 $t
C:\Users\begre\AppData\Local\Temp\cce4l38X.s:99     .text.HAL_USART_MspInit:00000000 HAL_USART_MspInit
C:\Users\begre\AppData\Local\Temp\cce4l38X.s:225    .text.HAL_USART_MspInit:00000080 $d
C:\Users\begre\AppData\Local\Temp\cce4l38X.s:231    .text.HAL_USART_MspDeInit:00000000 $t
C:\Users\begre\AppData\Local\Temp\cce4l38X.s:237    .text.HAL_USART_MspDeInit:00000000 HAL_USART_MspDeInit
C:\Users\begre\AppData\Local\Temp\cce4l38X.s:284    .text.HAL_USART_MspDeInit:00000028 $d
C:\Users\begre\AppData\Local\Temp\cce4l38X.s:291    .text.Usart_SendByte:00000000 $t
C:\Users\begre\AppData\Local\Temp\cce4l38X.s:297    .text.Usart_SendByte:00000000 Usart_SendByte
C:\Users\begre\AppData\Local\Temp\cce4l38X.s:331    .text.Usart_SendByte:00000020 $d
C:\Users\begre\AppData\Local\Temp\cce4l38X.s:341    .bss.husart1:00000000 husart1
C:\Users\begre\AppData\Local\Temp\cce4l38X.s:337    .bss.husart1:00000000 $d

UNDEFINED SYMBOLS
HAL_USART_Init
Error_Handler
HAL_GPIO_Init
HAL_NVIC_SetPriority
HAL_NVIC_EnableIRQ
HAL_GPIO_DeInit
HAL_NVIC_DisableIRQ
HAL_USART_Transmit
